#
# There is insufficient memory for the Java Runtime Environment to continue.
# Native memory allocation (malloc) failed to allocate 32744 bytes for Chunk::new
# Possible reasons:
#   The system is out of physical RAM or swap space
#   The process is running with CompressedOops enabled, and the Java Heap may be blocking the growth of the native heap
# Possible solutions:
#   Reduce memory load on the system
#   Increase physical memory or swap space
#   Check if swap backing store is full
#   Decrease Java heap size (-Xmx/-Xms)
#   Decrease number of Java threads
#   Decrease Java thread stack sizes (-Xss)
#   Set larger code cache with -XX:ReservedCodeCacheSize=
#   JVM is running with Zero Based Compressed Oops mode in which the Java heap is
#     placed in the first 32GB address space. The Java Heap base address is the
#     maximum limit for the native heap growth. Please use -XX:HeapBaseMinAddress
#     to set the Java Heap base and to place the Java Heap above 32GB virtual address.
# This output file may be truncated or incomplete.
#
#  Out of Memory Error (arena.cpp:184), pid=13508, tid=26980
#
# JRE version: OpenJDK Runtime Environment (19.0.2+7) (build 19.0.2+7-44)
# Java VM: OpenJDK 64-Bit Server VM (19.0.2+7-44, mixed mode, sharing, tiered, compressed oops, compressed class ptrs, g1 gc, windows-amd64)
# No core dump will be written. Minidumps are not enabled by default on client versions of Windows
#

---------------  S U M M A R Y ------------

Command Line: -javaagent:C:\Program Files\JetBrains\IntelliJ IDEA Community Edition 2022.3.1\lib\idea_rt.jar=56677:C:\Program Files\JetBrains\IntelliJ IDEA Community Edition 2022.3.1\bin -Dfile.encoding=UTF-8 -Dsun.stdout.encoding=UTF-8 -Dsun.stderr.encoding=UTF-8 StudentApp.StudentAppApplication

Host: Intel(R) Core(TM) i7-8665U CPU @ 1.90GHz, 8 cores, 15G,  Windows 10 , 64 bit Build 19041 (10.0.19041.2364)
Time: Mon Feb 13 22:20:48 2023 GMT Standard Time elapsed time: 4.310111 seconds (0d 0h 0m 4s)

---------------  T H R E A D  ---------------

Current thread (0x000001c144014570):  JavaThread "C2 CompilerThread2" daemon [_thread_in_native, id=26980, stack(0x000000ad4c200000,0x000000ad4c300000)]


Current CompileTask:
C2:   4310 2739       4       java.lang.invoke.MethodType::methodType (69 bytes)

Stack: [0x000000ad4c200000,0x000000ad4c300000]
Native frames: (J=compiled Java code, j=interpreted, Vv=VM code, C=native code)
V  [jvm.dll+0x6ee21a]
V  [jvm.dll+0x85765e]
V  [jvm.dll+0x85904e]
V  [jvm.dll+0x859703]
V  [jvm.dll+0x28298f]
V  [jvm.dll+0xc9adf]
V  [jvm.dll+0xc9e65]
V  [jvm.dll+0xc9c04]
V  [jvm.dll+0x6cc6fc]
V  [jvm.dll+0x5f1dad]
V  [jvm.dll+0x5f17d4]
V  [jvm.dll+0x5f0a58]
V  [jvm.dll+0x255483]
V  [jvm.dll+0x24dd00]
V  [jvm.dll+0x24b673]
V  [jvm.dll+0x1d6ce1]
V  [jvm.dll+0x25b25a]
V  [jvm.dll+0x2596e8]
V  [jvm.dll+0x807588]
V  [jvm.dll+0x80125a]
V  [jvm.dll+0x6ecf0b]
C  [ucrtbase.dll+0x21bb2]
C  [KERNEL32.DLL+0x17614]
C  [ntdll.dll+0x526a1]


---------------  P R O C E S S  ---------------

Threads class SMR info:
_java_thread_list=0x000001c143c65740, length=15, elements={
0x000001c11ad8c020, 0x000001c13dff17d0, 0x000001c13dff25c0, 0x000001c13dff52c0,
0x000001c13dff6d40, 0x000001c13dff7cb0, 0x000001c13dff8860, 0x000001c13dff94c0,
0x000001c13dffc240, 0x000001c142b78030, 0x000001c142c07690, 0x000001c142f386d0,
0x000001c142f3b280, 0x000001c143b9ea30, 0x000001c144014570
}

Java Threads: ( => current thread )
  0x000001c11ad8c020 JavaThread "main" [_thread_in_vm, id=3416, stack(0x000000ad4a600000,0x000000ad4a700000)]
  0x000001c13dff17d0 JavaThread "Reference Handler" daemon [_thread_blocked, id=1792, stack(0x000000ad4ad00000,0x000000ad4ae00000)]
  0x000001c13dff25c0 JavaThread "Finalizer" daemon [_thread_blocked, id=1056, stack(0x000000ad4ae00000,0x000000ad4af00000)]
  0x000001c13dff52c0 JavaThread "Signal Dispatcher" daemon [_thread_blocked, id=26664, stack(0x000000ad4af00000,0x000000ad4b000000)]
  0x000001c13dff6d40 JavaThread "Attach Listener" daemon [_thread_blocked, id=4636, stack(0x000000ad4b000000,0x000000ad4b100000)]
  0x000001c13dff7cb0 JavaThread "Service Thread" daemon [_thread_blocked, id=26128, stack(0x000000ad4b100000,0x000000ad4b200000)]
  0x000001c13dff8860 JavaThread "Monitor Deflation Thread" daemon [_thread_blocked, id=8616, stack(0x000000ad4b200000,0x000000ad4b300000)]
  0x000001c13dff94c0 JavaThread "C2 CompilerThread0" daemon [_thread_in_native, id=26616, stack(0x000000ad4b300000,0x000000ad4b400000)]
  0x000001c13dffc240 JavaThread "C1 CompilerThread0" daemon [_thread_blocked, id=25736, stack(0x000000ad4b400000,0x000000ad4b500000)]
  0x000001c142b78030 JavaThread "Sweeper thread" daemon [_thread_blocked, id=26008, stack(0x000000ad4b500000,0x000000ad4b600000)]
  0x000001c142c07690 JavaThread "Common-Cleaner" daemon [_thread_blocked, id=25824, stack(0x000000ad4b600000,0x000000ad4b700000)]
  0x000001c142f386d0 JavaThread "Monitor Ctrl-Break" daemon [_thread_in_native, id=17104, stack(0x000000ad4b800000,0x000000ad4b900000)]
  0x000001c142f3b280 JavaThread "Notification Thread" daemon [_thread_blocked, id=12924, stack(0x000000ad4b900000,0x000000ad4ba00000)]
  0x000001c143b9ea30 JavaThread "C2 CompilerThread1" daemon [_thread_in_native, id=21492, stack(0x000000ad4b700000,0x000000ad4b800000)]
=>0x000001c144014570 JavaThread "C2 CompilerThread2" daemon [_thread_in_native, id=26980, stack(0x000000ad4c200000,0x000000ad4c300000)]

Other Threads:
  0x000001c13dfd9e90 VMThread "VM Thread" [stack: 0x000000ad4ac00000,0x000000ad4ad00000] [id=17212]
  0x000001c142f6b680 WatcherThread "VM Periodic Task Thread" [stack: 0x000000ad4ba00000,0x000000ad4bb00000] [id=6304]
  0x000001c11adf9070 WorkerThread "GC Thread#0" [stack: 0x000000ad4a700000,0x000000ad4a800000] [id=28316]
  0x000001c1437be650 WorkerThread "GC Thread#1" [stack: 0x000000ad4bb00000,0x000000ad4bc00000] [id=28272]
  0x000001c1437be920 WorkerThread "GC Thread#2" [stack: 0x000000ad4bc00000,0x000000ad4bd00000] [id=22148]
  0x000001c143747fe0 WorkerThread "GC Thread#3" [stack: 0x000000ad4bd00000,0x000000ad4be00000] [id=27428]
  0x000001c143748730 WorkerThread "GC Thread#4" [stack: 0x000000ad4be00000,0x000000ad4bf00000] [id=23544]
  0x000001c1437cb2d0 WorkerThread "GC Thread#5" [stack: 0x000000ad4bf00000,0x000000ad4c000000] [id=5440]
  0x000001c1437cc3b0 WorkerThread "GC Thread#6" [stack: 0x000000ad4c000000,0x000000ad4c100000] [id=26208]
  0x000001c1437cbe10 WorkerThread "GC Thread#7" [stack: 0x000000ad4c100000,0x000000ad4c200000] [id=23900]
  0x000001c11ae09b60 ConcurrentGCThread "G1 Main Marker" [stack: 0x000000ad4a800000,0x000000ad4a900000] [id=4600]
  0x000001c11ae0a590 WorkerThread "G1 Conc#0" [stack: 0x000000ad4a900000,0x000000ad4aa00000] [id=28492]
  0x000001c13de8b240 ConcurrentGCThread "G1 Refine#0" [stack: 0x000000ad4aa00000,0x000000ad4ab00000] [id=27604]
  0x000001c13de8bd80 ConcurrentGCThread "G1 Service" [stack: 0x000000ad4ab00000,0x000000ad4ac00000] [id=4300]

Threads with active compile tasks:
C2 CompilerThread0     4375 2684       4       java.lang.invoke.MethodType::makeImpl (109 bytes)
C2 CompilerThread1     4376 2746   !   4       jdk.internal.loader.BuiltinClassLoader::loadClassOrNull (143 bytes)
C2 CompilerThread2     4376 2739       4       java.lang.invoke.MethodType::methodType (69 bytes)

VM state: not at safepoint (normal execution)

VM Mutex/Monitor currently owned by a thread: None

Heap address: 0x0000000704600000, size: 4026 MB, Compressed Oops mode: Zero based, Oop shift amount: 3

CDS archive(s) mapped at: [0x0000000800000000-0x0000000800c40000-0x0000000800c40000), size 12845056, SharedBaseAddress: 0x0000000800000000, ArchiveRelocationMode: 0.
Compressed class space mapped at: 0x0000000801000000-0x0000000841000000, reserved size: 1073741824
Narrow klass base: 0x0000000800000000, Narrow klass shift: 0, Narrow klass range: 0x100000000

GC Precious Log:
 CardTable entry size: 512
 Card Set container configuration: InlinePtr #cards 4 size 8 Array Of Cards #cards 16 size 48 Howl #buckets 8 coarsen threshold 3686 Howl Bitmap #cards 512 size 80 coarsen threshold 460 Card regions per heap region 1 cards per card region 4096
 CPUs: 8 total, 8 available
 Memory: 16099M
 Large Page Support: Disabled
 NUMA Support: Disabled
 Compressed Oops: Enabled (Zero based)
 Heap Region Size: 2M
 Heap Min Capacity: 8M
 Heap Initial Capacity: 252M
 Heap Max Capacity: 4026M
 Pre-touch: Disabled
 Parallel Workers: 8
 Concurrent Workers: 2
 Concurrent Refinement Workers: 8
 Periodic GC: Disabled

Heap:
 garbage-first heap   total 258048K, used 31357K [0x0000000704600000, 0x0000000800000000)
  region size 2048K, 15 young (30720K), 2 survivors (4096K)
 Metaspace       used 18778K, committed 19200K, reserved 1114112K
  class space    used 2213K, committed 2432K, reserved 1048576K

Heap Regions: E=young(eden), S=young(survivor), O=old, HS=humongous(starts), HC=humongous(continues), CS=collection set, F=free, OA=open archive, CA=closed archive, TAMS=top-at-mark-start (previous, next)
|   0|0x0000000704600000, 0x0000000704800000, 0x0000000704800000|100%| O|  |TAMS 0x0000000704600000, 0x0000000704600000| Untracked 
|   1|0x0000000704800000, 0x0000000704a00000, 0x0000000704a00000|100%| O|  |TAMS 0x0000000704800000, 0x0000000704800000| Untracked 
|   2|0x0000000704a00000, 0x0000000704a59e00, 0x0000000704c00000| 17%| O|  |TAMS 0x0000000704a00000, 0x0000000704a00000| Untracked 
|   3|0x0000000704c00000, 0x0000000704c00000, 0x0000000704e00000|  0%| F|  |TAMS 0x0000000704c00000, 0x0000000704c00000| Untracked 
|   4|0x0000000704e00000, 0x0000000704e00000, 0x0000000705000000|  0%| F|  |TAMS 0x0000000704e00000, 0x0000000704e00000| Untracked 
|   5|0x0000000705000000, 0x0000000705000000, 0x0000000705200000|  0%| F|  |TAMS 0x0000000705000000, 0x0000000705000000| Untracked 
|   6|0x0000000705200000, 0x0000000705200000, 0x0000000705400000|  0%| F|  |TAMS 0x0000000705200000, 0x0000000705200000| Untracked 
|   7|0x0000000705400000, 0x0000000705400000, 0x0000000705600000|  0%| F|  |TAMS 0x0000000705400000, 0x0000000705400000| Untracked 
|   8|0x0000000705600000, 0x0000000705600000, 0x0000000705800000|  0%| F|  |TAMS 0x0000000705600000, 0x0000000705600000| Untracked 
|   9|0x0000000705800000, 0x0000000705800000, 0x0000000705a00000|  0%| F|  |TAMS 0x0000000705800000, 0x0000000705800000| Untracked 
|  10|0x0000000705a00000, 0x0000000705a00000, 0x0000000705c00000|  0%| F|  |TAMS 0x0000000705a00000, 0x0000000705a00000| Untracked 
|  11|0x0000000705c00000, 0x0000000705c00000, 0x0000000705e00000|  0%| F|  |TAMS 0x0000000705c00000, 0x0000000705c00000| Untracked 
|  12|0x0000000705e00000, 0x0000000705e00000, 0x0000000706000000|  0%| F|  |TAMS 0x0000000705e00000, 0x0000000705e00000| Untracked 
|  13|0x0000000706000000, 0x0000000706000000, 0x0000000706200000|  0%| F|  |TAMS 0x0000000706000000, 0x0000000706000000| Untracked 
|  14|0x0000000706200000, 0x0000000706200000, 0x0000000706400000|  0%| F|  |TAMS 0x0000000706200000, 0x0000000706200000| Untracked 
|  15|0x0000000706400000, 0x0000000706400000, 0x0000000706600000|  0%| F|  |TAMS 0x0000000706400000, 0x0000000706400000| Untracked 
|  16|0x0000000706600000, 0x0000000706600000, 0x0000000706800000|  0%| F|  |TAMS 0x0000000706600000, 0x0000000706600000| Untracked 
|  17|0x0000000706800000, 0x0000000706800000, 0x0000000706a00000|  0%| F|  |TAMS 0x0000000706800000, 0x0000000706800000| Untracked 
|  18|0x0000000706a00000, 0x0000000706a00000, 0x0000000706c00000|  0%| F|  |TAMS 0x0000000706a00000, 0x0000000706a00000| Untracked 
|  19|0x0000000706c00000, 0x0000000706c00000, 0x0000000706e00000|  0%| F|  |TAMS 0x0000000706c00000, 0x0000000706c00000| Untracked 
|  20|0x0000000706e00000, 0x0000000706e00000, 0x0000000707000000|  0%| F|  |TAMS 0x0000000706e00000, 0x0000000706e00000| Untracked 
|  21|0x0000000707000000, 0x0000000707000000, 0x0000000707200000|  0%| F|  |TAMS 0x0000000707000000, 0x0000000707000000| Untracked 
|  22|0x0000000707200000, 0x0000000707200000, 0x0000000707400000|  0%| F|  |TAMS 0x0000000707200000, 0x0000000707200000| Untracked 
|  23|0x0000000707400000, 0x0000000707400000, 0x0000000707600000|  0%| F|  |TAMS 0x0000000707400000, 0x0000000707400000| Untracked 
|  24|0x0000000707600000, 0x0000000707600000, 0x0000000707800000|  0%| F|  |TAMS 0x0000000707600000, 0x0000000707600000| Untracked 
|  25|0x0000000707800000, 0x0000000707800000, 0x0000000707a00000|  0%| F|  |TAMS 0x0000000707800000, 0x0000000707800000| Untracked 
|  26|0x0000000707a00000, 0x0000000707a00000, 0x0000000707c00000|  0%| F|  |TAMS 0x0000000707a00000, 0x0000000707a00000| Untracked 
|  27|0x0000000707c00000, 0x0000000707c00000, 0x0000000707e00000|  0%| F|  |TAMS 0x0000000707c00000, 0x0000000707c00000| Untracked 
|  28|0x0000000707e00000, 0x0000000707e00000, 0x0000000708000000|  0%| F|  |TAMS 0x0000000707e00000, 0x0000000707e00000| Untracked 
|  29|0x0000000708000000, 0x0000000708000000, 0x0000000708200000|  0%| F|  |TAMS 0x0000000708000000, 0x0000000708000000| Untracked 
|  30|0x0000000708200000, 0x0000000708200000, 0x0000000708400000|  0%| F|  |TAMS 0x0000000708200000, 0x0000000708200000| Untracked 
|  31|0x0000000708400000, 0x0000000708400000, 0x0000000708600000|  0%| F|  |TAMS 0x0000000708400000, 0x0000000708400000| Untracked 
|  32|0x0000000708600000, 0x0000000708600000, 0x0000000708800000|  0%| F|  |TAMS 0x0000000708600000, 0x0000000708600000| Untracked 
|  33|0x0000000708800000, 0x0000000708800000, 0x0000000708a00000|  0%| F|  |TAMS 0x0000000708800000, 0x0000000708800000| Untracked 
|  34|0x0000000708a00000, 0x0000000708a00000, 0x0000000708c00000|  0%| F|  |TAMS 0x0000000708a00000, 0x0000000708a00000| Untracked 
|  35|0x0000000708c00000, 0x0000000708c00000, 0x0000000708e00000|  0%| F|  |TAMS 0x0000000708c00000, 0x0000000708c00000| Untracked 
|  36|0x0000000708e00000, 0x0000000708e00000, 0x0000000709000000|  0%| F|  |TAMS 0x0000000708e00000, 0x0000000708e00000| Untracked 
|  37|0x0000000709000000, 0x0000000709000000, 0x0000000709200000|  0%| F|  |TAMS 0x0000000709000000, 0x0000000709000000| Untracked 
|  38|0x0000000709200000, 0x0000000709200000, 0x0000000709400000|  0%| F|  |TAMS 0x0000000709200000, 0x0000000709200000| Untracked 
|  39|0x0000000709400000, 0x0000000709400000, 0x0000000709600000|  0%| F|  |TAMS 0x0000000709400000, 0x0000000709400000| Untracked 
|  40|0x0000000709600000, 0x0000000709600000, 0x0000000709800000|  0%| F|  |TAMS 0x0000000709600000, 0x0000000709600000| Untracked 
|  41|0x0000000709800000, 0x0000000709800000, 0x0000000709a00000|  0%| F|  |TAMS 0x0000000709800000, 0x0000000709800000| Untracked 
|  42|0x0000000709a00000, 0x0000000709a00000, 0x0000000709c00000|  0%| F|  |TAMS 0x0000000709a00000, 0x0000000709a00000| Untracked 
|  43|0x0000000709c00000, 0x0000000709c00000, 0x0000000709e00000|  0%| F|  |TAMS 0x0000000709c00000, 0x0000000709c00000| Untracked 
|  44|0x0000000709e00000, 0x0000000709e00000, 0x000000070a000000|  0%| F|  |TAMS 0x0000000709e00000, 0x0000000709e00000| Untracked 
|  45|0x000000070a000000, 0x000000070a000000, 0x000000070a200000|  0%| F|  |TAMS 0x000000070a000000, 0x000000070a000000| Untracked 
|  46|0x000000070a200000, 0x000000070a200000, 0x000000070a400000|  0%| F|  |TAMS 0x000000070a200000, 0x000000070a200000| Untracked 
|  47|0x000000070a400000, 0x000000070a400000, 0x000000070a600000|  0%| F|  |TAMS 0x000000070a400000, 0x000000070a400000| Untracked 
|  48|0x000000070a600000, 0x000000070a600000, 0x000000070a800000|  0%| F|  |TAMS 0x000000070a600000, 0x000000070a600000| Untracked 
|  49|0x000000070a800000, 0x000000070a800000, 0x000000070aa00000|  0%| F|  |TAMS 0x000000070a800000, 0x000000070a800000| Untracked 
|  50|0x000000070aa00000, 0x000000070aa00000, 0x000000070ac00000|  0%| F|  |TAMS 0x000000070aa00000, 0x000000070aa00000| Untracked 
|  51|0x000000070ac00000, 0x000000070ac00000, 0x000000070ae00000|  0%| F|  |TAMS 0x000000070ac00000, 0x000000070ac00000| Untracked 
|  52|0x000000070ae00000, 0x000000070ae00000, 0x000000070b000000|  0%| F|  |TAMS 0x000000070ae00000, 0x000000070ae00000| Untracked 
|  53|0x000000070b000000, 0x000000070b000000, 0x000000070b200000|  0%| F|  |TAMS 0x000000070b000000, 0x000000070b000000| Untracked 
|  54|0x000000070b200000, 0x000000070b200000, 0x000000070b400000|  0%| F|  |TAMS 0x000000070b200000, 0x000000070b200000| Untracked 
|  55|0x000000070b400000, 0x000000070b400000, 0x000000070b600000|  0%| F|  |TAMS 0x000000070b400000, 0x000000070b400000| Untracked 
|  56|0x000000070b600000, 0x000000070b600000, 0x000000070b800000|  0%| F|  |TAMS 0x000000070b600000, 0x000000070b600000| Untracked 
|  57|0x000000070b800000, 0x000000070b800000, 0x000000070ba00000|  0%| F|  |TAMS 0x000000070b800000, 0x000000070b800000| Untracked 
|  58|0x000000070ba00000, 0x000000070ba00000, 0x000000070bc00000|  0%| F|  |TAMS 0x000000070ba00000, 0x000000070ba00000| Untracked 
|  59|0x000000070bc00000, 0x000000070bc00000, 0x000000070be00000|  0%| F|  |TAMS 0x000000070bc00000, 0x000000070bc00000| Untracked 
|  60|0x000000070be00000, 0x000000070be00000, 0x000000070c000000|  0%| F|  |TAMS 0x000000070be00000, 0x000000070be00000| Untracked 
|  61|0x000000070c000000, 0x000000070c000000, 0x000000070c200000|  0%| F|  |TAMS 0x000000070c000000, 0x000000070c000000| Untracked 
|  62|0x000000070c200000, 0x000000070c200000, 0x000000070c400000|  0%| F|  |TAMS 0x000000070c200000, 0x000000070c200000| Untracked 
|  63|0x000000070c400000, 0x000000070c400000, 0x000000070c600000|  0%| F|  |TAMS 0x000000070c400000, 0x000000070c400000| Untracked 
|  64|0x000000070c600000, 0x000000070c600000, 0x000000070c800000|  0%| F|  |TAMS 0x000000070c600000, 0x000000070c600000| Untracked 
|  65|0x000000070c800000, 0x000000070c800000, 0x000000070ca00000|  0%| F|  |TAMS 0x000000070c800000, 0x000000070c800000| Untracked 
|  66|0x000000070ca00000, 0x000000070ca00000, 0x000000070cc00000|  0%| F|  |TAMS 0x000000070ca00000, 0x000000070ca00000| Untracked 
|  67|0x000000070cc00000, 0x000000070cc00000, 0x000000070ce00000|  0%| F|  |TAMS 0x000000070cc00000, 0x000000070cc00000| Untracked 
|  68|0x000000070ce00000, 0x000000070ce00000, 0x000000070d000000|  0%| F|  |TAMS 0x000000070ce00000, 0x000000070ce00000| Untracked 
|  69|0x000000070d000000, 0x000000070d000000, 0x000000070d200000|  0%| F|  |TAMS 0x000000070d000000, 0x000000070d000000| Untracked 
|  70|0x000000070d200000, 0x000000070d200000, 0x000000070d400000|  0%| F|  |TAMS 0x000000070d200000, 0x000000070d200000| Untracked 
|  71|0x000000070d400000, 0x000000070d400000, 0x000000070d600000|  0%| F|  |TAMS 0x000000070d400000, 0x000000070d400000| Untracked 
|  72|0x000000070d600000, 0x000000070d600000, 0x000000070d800000|  0%| F|  |TAMS 0x000000070d600000, 0x000000070d600000| Untracked 
|  73|0x000000070d800000, 0x000000070d800000, 0x000000070da00000|  0%| F|  |TAMS 0x000000070d800000, 0x000000070d800000| Untracked 
|  74|0x000000070da00000, 0x000000070da00000, 0x000000070dc00000|  0%| F|  |TAMS 0x000000070da00000, 0x000000070da00000| Untracked 
|  75|0x000000070dc00000, 0x000000070dc00000, 0x000000070de00000|  0%| F|  |TAMS 0x000000070dc00000, 0x000000070dc00000| Untracked 
|  76|0x000000070de00000, 0x000000070de00000, 0x000000070e000000|  0%| F|  |TAMS 0x000000070de00000, 0x000000070de00000| Untracked 
|  77|0x000000070e000000, 0x000000070e000000, 0x000000070e200000|  0%| F|  |TAMS 0x000000070e000000, 0x000000070e000000| Untracked 
|  78|0x000000070e200000, 0x000000070e200000, 0x000000070e400000|  0%| F|  |TAMS 0x000000070e200000, 0x000000070e200000| Untracked 
|  79|0x000000070e400000, 0x000000070e400000, 0x000000070e600000|  0%| F|  |TAMS 0x000000070e400000, 0x000000070e400000| Untracked 
|  80|0x000000070e600000, 0x000000070e600000, 0x000000070e800000|  0%| F|  |TAMS 0x000000070e600000, 0x000000070e600000| Untracked 
|  81|0x000000070e800000, 0x000000070e800000, 0x000000070ea00000|  0%| F|  |TAMS 0x000000070e800000, 0x000000070e800000| Untracked 
|  82|0x000000070ea00000, 0x000000070ea00000, 0x000000070ec00000|  0%| F|  |TAMS 0x000000070ea00000, 0x000000070ea00000| Untracked 
|  83|0x000000070ec00000, 0x000000070ec00000, 0x000000070ee00000|  0%| F|  |TAMS 0x000000070ec00000, 0x000000070ec00000| Untracked 
|  84|0x000000070ee00000, 0x000000070ee00000, 0x000000070f000000|  0%| F|  |TAMS 0x000000070ee00000, 0x000000070ee00000| Untracked 
|  85|0x000000070f000000, 0x000000070f000000, 0x000000070f200000|  0%| F|  |TAMS 0x000000070f000000, 0x000000070f000000| Untracked 
|  86|0x000000070f200000, 0x000000070f200000, 0x000000070f400000|  0%| F|  |TAMS 0x000000070f200000, 0x000000070f200000| Untracked 
|  87|0x000000070f400000, 0x000000070f400000, 0x000000070f600000|  0%| F|  |TAMS 0x000000070f400000, 0x000000070f400000| Untracked 
|  88|0x000000070f600000, 0x000000070f600000, 0x000000070f800000|  0%| F|  |TAMS 0x000000070f600000, 0x000000070f600000| Untracked 
|  89|0x000000070f800000, 0x000000070f800000, 0x000000070fa00000|  0%| F|  |TAMS 0x000000070f800000, 0x000000070f800000| Untracked 
|  90|0x000000070fa00000, 0x000000070fa00000, 0x000000070fc00000|  0%| F|  |TAMS 0x000000070fa00000, 0x000000070fa00000| Untracked 
|  91|0x000000070fc00000, 0x000000070fc00000, 0x000000070fe00000|  0%| F|  |TAMS 0x000000070fc00000, 0x000000070fc00000| Untracked 
|  92|0x000000070fe00000, 0x000000070fe00000, 0x0000000710000000|  0%| F|  |TAMS 0x000000070fe00000, 0x000000070fe00000| Untracked 
|  93|0x0000000710000000, 0x0000000710000000, 0x0000000710200000|  0%| F|  |TAMS 0x0000000710000000, 0x0000000710000000| Untracked 
|  94|0x0000000710200000, 0x0000000710200000, 0x0000000710400000|  0%| F|  |TAMS 0x0000000710200000, 0x0000000710200000| Untracked 
|  95|0x0000000710400000, 0x0000000710400000, 0x0000000710600000|  0%| F|  |TAMS 0x0000000710400000, 0x0000000710400000| Untracked 
|  96|0x0000000710600000, 0x0000000710600000, 0x0000000710800000|  0%| F|  |TAMS 0x0000000710600000, 0x0000000710600000| Untracked 
|  97|0x0000000710800000, 0x0000000710800000, 0x0000000710a00000|  0%| F|  |TAMS 0x0000000710800000, 0x0000000710800000| Untracked 
|  98|0x0000000710a00000, 0x0000000710a00000, 0x0000000710c00000|  0%| F|  |TAMS 0x0000000710a00000, 0x0000000710a00000| Untracked 
|  99|0x0000000710c00000, 0x0000000710c00000, 0x0000000710e00000|  0%| F|  |TAMS 0x0000000710c00000, 0x0000000710c00000| Untracked 
| 100|0x0000000710e00000, 0x0000000710e00000, 0x0000000711000000|  0%| F|  |TAMS 0x0000000710e00000, 0x0000000710e00000| Untracked 
| 101|0x0000000711000000, 0x0000000711000000, 0x0000000711200000|  0%| F|  |TAMS 0x0000000711000000, 0x0000000711000000| Untracked 
| 102|0x0000000711200000, 0x0000000711200000, 0x0000000711400000|  0%| F|  |TAMS 0x0000000711200000, 0x0000000711200000| Untracked 
| 103|0x0000000711400000, 0x0000000711400000, 0x0000000711600000|  0%| F|  |TAMS 0x0000000711400000, 0x0000000711400000| Untracked 
| 104|0x0000000711600000, 0x0000000711600000, 0x0000000711800000|  0%| F|  |TAMS 0x0000000711600000, 0x0000000711600000| Untracked 
| 105|0x0000000711800000, 0x0000000711800000, 0x0000000711a00000|  0%| F|  |TAMS 0x0000000711800000, 0x0000000711800000| Untracked 
| 106|0x0000000711a00000, 0x0000000711a00000, 0x0000000711c00000|  0%| F|  |TAMS 0x0000000711a00000, 0x0000000711a00000| Untracked 
| 107|0x0000000711c00000, 0x0000000711c00000, 0x0000000711e00000|  0%| F|  |TAMS 0x0000000711c00000, 0x0000000711c00000| Untracked 
| 108|0x0000000711e00000, 0x0000000711e45828, 0x0000000712000000| 13%| S|CS|TAMS 0x0000000711e00000, 0x0000000711e00000| Complete 
| 109|0x0000000712000000, 0x0000000712200000, 0x0000000712200000|100%| S|CS|TAMS 0x0000000712000000, 0x0000000712000000| Complete 
| 110|0x0000000712200000, 0x0000000712200000, 0x0000000712400000|  0%| F|  |TAMS 0x0000000712200000, 0x0000000712200000| Untracked 
| 111|0x0000000712400000, 0x0000000712400000, 0x0000000712600000|  0%| F|  |TAMS 0x0000000712400000, 0x0000000712400000| Untracked 
| 112|0x0000000712600000, 0x0000000712600000, 0x0000000712800000|  0%| F|  |TAMS 0x0000000712600000, 0x0000000712600000| Untracked 
| 113|0x0000000712800000, 0x00000007128f1868, 0x0000000712a00000| 47%| E|  |TAMS 0x0000000712800000, 0x0000000712800000| Complete 
| 114|0x0000000712a00000, 0x0000000712c00000, 0x0000000712c00000|100%| E|CS|TAMS 0x0000000712a00000, 0x0000000712a00000| Complete 
| 115|0x0000000712c00000, 0x0000000712e00000, 0x0000000712e00000|100%| E|CS|TAMS 0x0000000712c00000, 0x0000000712c00000| Complete 
| 116|0x0000000712e00000, 0x0000000713000000, 0x0000000713000000|100%| E|CS|TAMS 0x0000000712e00000, 0x0000000712e00000| Complete 
| 117|0x0000000713000000, 0x0000000713200000, 0x0000000713200000|100%| E|CS|TAMS 0x0000000713000000, 0x0000000713000000| Complete 
| 118|0x0000000713200000, 0x0000000713400000, 0x0000000713400000|100%| E|CS|TAMS 0x0000000713200000, 0x0000000713200000| Complete 
| 119|0x0000000713400000, 0x0000000713600000, 0x0000000713600000|100%| E|CS|TAMS 0x0000000713400000, 0x0000000713400000| Complete 
| 120|0x0000000713600000, 0x0000000713800000, 0x0000000713800000|100%| E|CS|TAMS 0x0000000713600000, 0x0000000713600000| Complete 
| 121|0x0000000713800000, 0x0000000713a00000, 0x0000000713a00000|100%| E|CS|TAMS 0x0000000713800000, 0x0000000713800000| Complete 
| 122|0x0000000713a00000, 0x0000000713c00000, 0x0000000713c00000|100%| E|CS|TAMS 0x0000000713a00000, 0x0000000713a00000| Complete 
| 123|0x0000000713c00000, 0x0000000713e00000, 0x0000000713e00000|100%| E|CS|TAMS 0x0000000713c00000, 0x0000000713c00000| Complete 
| 124|0x0000000713e00000, 0x0000000714000000, 0x0000000714000000|100%| E|CS|TAMS 0x0000000713e00000, 0x0000000713e00000| Complete 
| 125|0x0000000714000000, 0x0000000714200000, 0x0000000714200000|100%| E|CS|TAMS 0x0000000714000000, 0x0000000714000000| Complete 

Card table byte_map: [0x000001c1327d0000,0x000001c132fb0000] _byte_map_base: 0x000001c12efad000

Marking Bits (Prev, Next): (CMBitMap*) 0x000001c11adf96a0, (CMBitMap*) 0x000001c11adf96e0
 Prev Bits: [0x000001c133790000, 0x000001c137678000)
 Next Bits: [0x000001c137680000, 0x000001c13b568000)

Polling page: 0x000001c118ba0000

Metaspace:

Usage:
  Non-class:     16.18 MB used.
      Class:      2.16 MB used.
       Both:     18.34 MB used.

Virtual space:
  Non-class space:       64.00 MB reserved,      16.38 MB ( 26%) committed,  1 nodes.
      Class space:        1.00 GB reserved,       2.38 MB ( <1%) committed,  1 nodes.
             Both:        1.06 GB reserved,      18.75 MB (  2%) committed. 

Chunk freelists:
   Non-Class:  3.55 MB
       Class:  1.61 MB
        Both:  5.16 MB

MaxMetaspaceSize: unlimited
CompressedClassSpaceSize: 1.00 GB
Initial GC threshold: 21.00 MB
Current GC threshold: 21.00 MB
CDS: on
MetaspaceReclaimPolicy: balanced
 - commit_granule_bytes: 65536.
 - commit_granule_words: 8192.
 - virtual_space_node_default_size: 8388608.
 - enlarge_chunks_in_place: 1.
 - new_chunks_are_fully_committed: 0.
 - uncommit_free_chunks: 1.
 - use_allocation_guard: 0.


Internal statistics:

num_allocs_failed_limit: 0.
num_arena_births: 404.
num_arena_deaths: 0.
num_vsnodes_births: 2.
num_vsnodes_deaths: 0.
num_space_committed: 300.
num_space_uncommitted: 0.
num_chunks_returned_to_freelist: 0.
num_chunks_taken_from_freelist: 1013.
num_chunk_merges: 0.
num_chunk_splits: 714.
num_chunks_enlarged: 566.
num_inconsistent_stats: 0.

CodeHeap 'non-profiled nmethods': size=120000Kb used=1060Kb max_used=1060Kb free=118939Kb
 bounds [0x000001c12a790000, 0x000001c12aa00000, 0x000001c131cc0000]
CodeHeap 'profiled nmethods': size=120000Kb used=5374Kb max_used=5374Kb free=114625Kb
 bounds [0x000001c122cc0000, 0x000001c123200000, 0x000001c12a1f0000]
CodeHeap 'non-nmethods': size=5760Kb used=1288Kb max_used=1340Kb free=4471Kb
 bounds [0x000001c12a1f0000, 0x000001c12a460000, 0x000001c12a790000]
 total_blobs=3256 nmethods=2752 adapters=414
 compilation: enabled
              stopped_count=0, restarted_count=0
 full_count=0

Compilation events (20 events):
Event: 4.268 Thread 0x000001c13dffc240 2745       1       org.springframework.beans.factory.support.GenericBeanDefinition::getParentName (5 bytes)
Event: 4.268 Thread 0x000001c13dffc240 nmethod 2745 0x000001c12a899090 code [0x000001c12a899220, 0x000001c12a8992f8]
Event: 4.274 Thread 0x000001c13dffc240 2748       3       org.springframework.beans.factory.support.AbstractBeanFactory::getMergedLocalBeanDefinition (38 bytes)
Event: 4.275 Thread 0x000001c13dffc240 nmethod 2748 0x000001c1231f8590 code [0x000001c1231f8780, 0x000001c1231f8d08]
Event: 4.275 Thread 0x000001c13dffc240 2749       3       java.lang.invoke.MemberName::equals (69 bytes)
Event: 4.276 Thread 0x000001c13dffc240 nmethod 2749 0x000001c1231f8e90 code [0x000001c1231f9120, 0x000001c1231f9e58]
Event: 4.281 Thread 0x000001c13dffc240 2751       3       java.lang.invoke.DelegatingMethodHandle::makeReinvokerForm (344 bytes)
Event: 4.284 Thread 0x000001c13dffc240 nmethod 2751 0x000001c1231fa190 code [0x000001c1231fa560, 0x000001c1231fc978]
Event: 4.284 Thread 0x000001c13dffc240 2754       3       org.springframework.beans.factory.support.AbstractBeanDefinition::isSingleton (31 bytes)
Event: 4.285 Thread 0x000001c13dffc240 nmethod 2754 0x000001c1231fd810 code [0x000001c1231fd9c0, 0x000001c1231fdbf8]
Event: 4.285 Thread 0x000001c13dffc240 2752       3       java.util.concurrent.CopyOnWriteArraySet::isEmpty (8 bytes)
Event: 4.285 Thread 0x000001c13dffc240 nmethod 2752 0x000001c1231fdc90 code [0x000001c1231fde40, 0x000001c1231fe198]
Event: 4.285 Thread 0x000001c13dffc240 2753       3       java.util.concurrent.CopyOnWriteArrayList::isEmpty (13 bytes)
Event: 4.285 Thread 0x000001c13dffc240 nmethod 2753 0x000001c1231fe290 code [0x000001c1231fe440, 0x000001c1231fe6b8]
Event: 4.296 Thread 0x000001c13dffc240 2755       3       org.springframework.beans.factory.support.AbstractBeanDefinition::hasPropertyValues (23 bytes)
Event: 4.297 Thread 0x000001c13dffc240 nmethod 2755 0x000001c1231fe790 code [0x000001c1231fe940, 0x000001c1231fec28]
Event: 4.297 Thread 0x000001c13dffc240 2756       3       java.util.LinkedHashMap$LinkedKeySet::size (8 bytes)
Event: 4.297 Thread 0x000001c13dffc240 nmethod 2756 0x000001c1231fed10 code [0x000001c1231feea0, 0x000001c1231fefb8]
Event: 4.297 Thread 0x000001c13dffc240 2757       3       org.springframework.beans.factory.support.AbstractBeanDefinition::getBeanClass (51 bytes)
Event: 4.297 Thread 0x000001c13dffc240 nmethod 2757 0x000001c1231ff090 code [0x000001c1231ff280, 0x000001c1231ff808]

GC Heap History (4 events):
Event: 1.923 GC heap before
{Heap before GC invocations=0 (full 0):
 garbage-first heap   total 258048K, used 22528K [0x0000000704600000, 0x0000000800000000)
  region size 2048K, 11 young (22528K), 0 survivors (0K)
 Metaspace       used 6973K, committed 7232K, reserved 1114112K
  class space    used 795K, committed 896K, reserved 1048576K
}
Event: 1.932 GC heap after
{Heap after GC invocations=1 (full 0):
 garbage-first heap   total 258048K, used 4531K [0x0000000704600000, 0x0000000800000000)
  region size 2048K, 2 young (4096K), 2 survivors (4096K)
 Metaspace       used 6973K, committed 7232K, reserved 1114112K
  class space    used 795K, committed 896K, reserved 1048576K
}
Event: 2.722 GC heap before
{Heap before GC invocations=1 (full 0):
 garbage-first heap   total 258048K, used 31155K [0x0000000704600000, 0x0000000800000000)
  region size 2048K, 16 young (32768K), 2 survivors (4096K)
 Metaspace       used 14496K, committed 14720K, reserved 1114112K
  class space    used 1707K, committed 1792K, reserved 1048576K
}
Event: 2.730 GC heap after
{Heap after GC invocations=2 (full 0):
 garbage-first heap   total 258048K, used 6781K [0x0000000704600000, 0x0000000800000000)
  region size 2048K, 2 young (4096K), 2 survivors (4096K)
 Metaspace       used 14496K, committed 14720K, reserved 1114112K
  class space    used 1707K, committed 1792K, reserved 1048576K
}

Dll operation events (10 events):
Event: 0.034 Loaded shared library C:\Users\florindr\.jdks\openjdk-19.0.2\bin\java.dll
Event: 0.062 Loaded shared library C:\Users\florindr\.jdks\openjdk-19.0.2\bin\jsvml.dll
Event: 0.321 Loaded shared library C:\Users\florindr\.jdks\openjdk-19.0.2\bin\zip.dll
Event: 0.336 Loaded shared library C:\Users\florindr\.jdks\openjdk-19.0.2\bin\instrument.dll
Event: 0.361 Loaded shared library C:\Users\florindr\.jdks\openjdk-19.0.2\bin\net.dll
Event: 0.369 Loaded shared library C:\Users\florindr\.jdks\openjdk-19.0.2\bin\nio.dll
Event: 0.374 Loaded shared library C:\Users\florindr\.jdks\openjdk-19.0.2\bin\zip.dll
Event: 0.510 Loaded shared library C:\Program Files\JetBrains\IntelliJ IDEA Community Edition 2022.3.1\bin\breakgen64.dll
Event: 0.556 Loaded shared library C:\Users\florindr\.jdks\openjdk-19.0.2\bin\extnet.dll
Event: 0.693 Loaded shared library C:\Users\florindr\.jdks\openjdk-19.0.2\bin\jimage.dll

Deoptimization events (20 events):
Event: 3.692 Thread 0x000001c11ad8c020 DEOPT PACKING pc=0x000001c12a79be4c sp=0x000000ad4a6fe6e0
Event: 3.692 Thread 0x000001c11ad8c020 DEOPT UNPACKING pc=0x000001c12a256da3 sp=0x000000ad4a6fe678 mode 2
Event: 3.712 Thread 0x000001c11ad8c020 DEOPT PACKING pc=0x000001c122ff23f7 sp=0x000000ad4a6fdbf0
Event: 3.712 Thread 0x000001c11ad8c020 DEOPT UNPACKING pc=0x000001c12a257543 sp=0x000000ad4a6fd0c8 mode 0
Event: 4.145 Thread 0x000001c11ad8c020 Uncommon trap: trap_request=0xffffff45 fr.pc=0x000001c12a81fcb0 relative=0x0000000000001a70
Event: 4.145 Thread 0x000001c11ad8c020 Uncommon trap: reason=unstable_if action=reinterpret pc=0x000001c12a81fcb0 method=jdk.internal.org.objectweb.asm.Frame.execute(IILjdk/internal/org/objectweb/asm/Symbol;Ljdk/internal/org/objectweb/asm/SymbolTable;)V @ 1 c2
Event: 4.145 Thread 0x000001c11ad8c020 DEOPT PACKING pc=0x000001c12a81fcb0 sp=0x000000ad4a6fd240
Event: 4.145 Thread 0x000001c11ad8c020 DEOPT UNPACKING pc=0x000001c12a256da3 sp=0x000000ad4a6fd1d0 mode 2
Event: 4.152 Thread 0x000001c11ad8c020 Uncommon trap: trap_request=0xffffff45 fr.pc=0x000001c12a82a570 relative=0x0000000000000250
Event: 4.153 Thread 0x000001c11ad8c020 Uncommon trap: reason=unstable_if action=reinterpret pc=0x000001c12a82a570 method=jdk.internal.org.objectweb.asm.Frame.push(I)V @ 26 c2
Event: 4.153 Thread 0x000001c11ad8c020 DEOPT PACKING pc=0x000001c12a82a570 sp=0x000000ad4a6fd000
Event: 4.153 Thread 0x000001c11ad8c020 DEOPT UNPACKING pc=0x000001c12a256da3 sp=0x000000ad4a6fcfb8 mode 2
Event: 4.211 Thread 0x000001c11ad8c020 Uncommon trap: trap_request=0xffffff45 fr.pc=0x000001c12a7ec990 relative=0x00000000000000f0
Event: 4.211 Thread 0x000001c11ad8c020 Uncommon trap: reason=unstable_if action=reinterpret pc=0x000001c12a7ec990 method=jdk.internal.org.objectweb.asm.ByteVector.putShort(I)Ljdk/internal/org/objectweb/asm/ByteVector; @ 13 c2
Event: 4.211 Thread 0x000001c11ad8c020 DEOPT PACKING pc=0x000001c12a7ec990 sp=0x000000ad4a6fc520
Event: 4.211 Thread 0x000001c11ad8c020 DEOPT UNPACKING pc=0x000001c12a256da3 sp=0x000000ad4a6fc4a8 mode 2
Event: 4.252 Thread 0x000001c11ad8c020 Uncommon trap: trap_request=0xffffff45 fr.pc=0x000001c12a87ca90 relative=0x0000000000000430
Event: 4.252 Thread 0x000001c11ad8c020 Uncommon trap: reason=unstable_if action=reinterpret pc=0x000001c12a87ca90 method=org.springframework.beans.factory.support.AbstractBeanFactory.getMergedLocalBeanDefinition(Ljava/lang/String;)Lorg/springframework/beans/factory/support/RootBeanDefinition; 
Event: 4.252 Thread 0x000001c11ad8c020 DEOPT PACKING pc=0x000001c12a87ca90 sp=0x000000ad4a6fee90
Event: 4.252 Thread 0x000001c11ad8c020 DEOPT UNPACKING pc=0x000001c12a256da3 sp=0x000000ad4a6fee38 mode 2

Classes loaded (20 events):
Event: 4.167 Loading class java/lang/invoke/DirectMethodHandle$1
Event: 4.167 Loading class java/lang/invoke/DirectMethodHandle$1 done
Event: 4.172 Loading class java/util/concurrent/FutureTask
Event: 4.173 Loading class java/util/concurrent/RunnableFuture
Event: 4.173 Loading class java/util/concurrent/RunnableFuture done
Event: 4.173 Loading class java/util/concurrent/FutureTask done
Event: 4.173 Loading class java/util/concurrent/FutureTask$WaitNode
Event: 4.173 Loading class java/util/concurrent/FutureTask$WaitNode done
Event: 4.208 Loading class java/lang/invoke/MethodHandleImpl$CountingWrapper
Event: 4.209 Loading class java/lang/invoke/MethodHandleImpl$CountingWrapper done
Event: 4.212 Loading class java/util/AbstractList$ListItr
Event: 4.212 Loading class java/util/AbstractList$Itr
Event: 4.213 Loading class java/util/AbstractList$Itr done
Event: 4.213 Loading class java/util/AbstractList$ListItr done
Event: 4.235 Loading class java/util/LinkedList$Node
Event: 4.235 Loading class java/util/LinkedList$Node done
Event: 4.235 Loading class java/util/DualPivotQuicksort
Event: 4.236 Loading class java/util/DualPivotQuicksort done
Event: 4.237 Loading class java/util/LinkedList$ListItr
Event: 4.237 Loading class java/util/LinkedList$ListItr done

Classes unloaded (0 events):
No events

Classes redefined (0 events):
No events

Internal exceptions (20 events):
Event: 4.141 Thread 0x000001c11ad8c020 Exception <a 'java/lang/NoSuchMethodError'{0x0000000712d951d8}: 'java.lang.Object java.lang.invoke.DirectMethodHandle$Holder.invokeStatic(java.lang.Object, java.lang.Object, int)'> (0x0000000712d951d8) 
thrown [s\open\src\hotspot\share\interpreter\linkResolver.cpp, line 774]
Event: 4.144 Thread 0x000001c11ad8c020 Exception <a 'java/lang/NoSuchMethodError'{0x0000000712da7f68}: 'void java.lang.invoke.DelegatingMethodHandle$Holder.delegate(java.lang.Object, java.lang.Object, int, java.lang.Object)'> (0x0000000712da7f68) 
thrown [s\open\src\hotspot\share\interpreter\linkResolver.cpp, line 774]
Event: 4.153 Thread 0x000001c11ad8c020 Exception <a 'java/lang/NoSuchMethodError'{0x0000000712dd9c18}: 'java.lang.Object java.lang.invoke.Invokers$Holder.invoker(java.lang.Object, java.lang.Object, java.lang.Object, java.lang.Object, java.lang.Object, java.lang.Object, java.lang.Object, java.lang.Object, java.lang.Object, java.lang.Object, java.lang.Object, java.lang.Object, java.lang.Object, java.lang.Object)'> (0x0000000712dd9c18) 
thrown [s\open\src\hotspot\share\interpreter\linkResolver.cpp, line 774]
Event: 4.155 Thread 0x000001c11ad8c020 Exception <a 'java/lang/NoSuchMethodError'{0x0000000712de4600}: 'java.lang.Object java.lang.invoke.DelegatingMethodHandle$Holder.delegate(java.lang.Object, java.lang.Object, java.lang.Object, java.lang.Object, java.lang.Object, java.lang.Object, java.lang.Object, java.lang.Object, java.lang.Object, java.lang.Object, java.lang.Object, java.lang.Object, java.lang.Object, java.lang.Object)'> (0x0000000712de4600) 
thrown [s\open\src\hotspot\share\interpreter\linkResolver.cpp, line 774]
Event: 4.160 Thread 0x000001c11ad8c020 Exception <a 'java/lang/NoSuchMethodError'{0x0000000712df62c8}: 'int java.lang.invoke.DirectMethodHandle$Holder.invokeVirtual(java.lang.Object, java.lang.Object, java.lang.Object)'> (0x0000000712df62c8) 
thrown [s\open\src\hotspot\share\interpreter\linkResolver.cpp, line 774]
Event: 4.161 Thread 0x000001c11ad8c020 Exception <a 'java/lang/NoSuchMethodError'{0x0000000712df9bc0}: 'int java.lang.invoke.DirectMethodHandle$Holder.invokeVirtual(java.lang.Object, java.lang.Object)'> (0x0000000712df9bc0) 
thrown [s\open\src\hotspot\share\interpreter\linkResolver.cpp, line 774]
Event: 4.161 Thread 0x000001c11ad8c020 Exception <a 'java/lang/NoSuchMethodError'{0x0000000712dfddc0}: 'int java.lang.invoke.DirectMethodHandle$Holder.invokeStaticInit(java.lang.Object, int, int)'> (0x0000000712dfddc0) 
thrown [s\open\src\hotspot\share\interpreter\linkResolver.cpp, line 774]
Event: 4.162 Thread 0x000001c11ad8c020 Exception <a 'java/lang/NoSuchMethodError'{0x0000000712a05ae8}: 'int java.lang.invoke.DirectMethodHandle$Holder.invokeStaticInit(java.lang.Object, long, long)'> (0x0000000712a05ae8) 
thrown [s\open\src\hotspot\share\interpreter\linkResolver.cpp, line 774]
Event: 4.164 Thread 0x000001c11ad8c020 Exception <a 'java/lang/NoSuchMethodError'{0x0000000712a0c950}: 'int java.lang.invoke.DirectMethodHandle$Holder.invokeStaticInit(java.lang.Object, float, float)'> (0x0000000712a0c950) 
thrown [s\open\src\hotspot\share\interpreter\linkResolver.cpp, line 774]
Event: 4.165 Thread 0x000001c11ad8c020 Exception <a 'java/lang/NoSuchMethodError'{0x0000000712a137b0}: 'int java.lang.invoke.DirectMethodHandle$Holder.invokeStaticInit(java.lang.Object, double, double)'> (0x0000000712a137b0) 
thrown [s\open\src\hotspot\share\interpreter\linkResolver.cpp, line 774]
Event: 4.165 Thread 0x000001c11ad8c020 Exception <a 'java/lang/NoSuchMethodError'{0x0000000712a17dc0}: 'int java.lang.invoke.DirectMethodHandle$Holder.invokeStatic(java.lang.Object, long)'> (0x0000000712a17dc0) 
thrown [s\open\src\hotspot\share\interpreter\linkResolver.cpp, line 774]
Event: 4.171 Thread 0x000001c11ad8c020 Exception <a 'java/lang/NoSuchMethodError'{0x0000000712a3bd30}: 'int java.lang.invoke.DirectMethodHandle$Holder.invokeSpecial(java.lang.Object, java.lang.Object, int)'> (0x0000000712a3bd30) 
thrown [s\open\src\hotspot\share\interpreter\linkResolver.cpp, line 774]
Event: 4.172 Thread 0x000001c11ad8c020 Exception <a 'java/lang/NoSuchMethodError'{0x0000000712a436b8}: 'int java.lang.invoke.Invokers$Holder.linkToTargetMethod(java.lang.Object, java.lang.Object)'> (0x0000000712a436b8) 
thrown [s\open\src\hotspot\share\interpreter\linkResolver.cpp, line 774]
Event: 4.198 Thread 0x000001c11ad8c020 Exception <a 'java/lang/NoSuchMethodError'{0x0000000712ae9778}: 'java.lang.Object java.lang.invoke.Invokers$Holder.invoke_MT(java.lang.Object, java.lang.Object, java.lang.Object, java.lang.Object, java.lang.Object, java.lang.Object, java.lang.Object, java.lang.Object, java.lang.Object, java.lang.Object)'> (0x0000000712ae9778) 
thrown [s\open\src\hotspot\share\interpreter\linkResolver.cpp, line 774]
Event: 4.208 Thread 0x000001c11ad8c020 Exception <a 'java/lang/NoSuchMethodError'{0x0000000712b269b8}: 'java.lang.Object java.lang.invoke.DirectMethodHandle$Holder.invokeSpecial(java.lang.Object, java.lang.Object, int, java.lang.Object, java.lang.Object)'> (0x0000000712b269b8) 
thrown [s\open\src\hotspot\share\interpreter\linkResolver.cpp, line 774]
Event: 4.208 Thread 0x000001c11ad8c020 Exception <a 'java/lang/NoSuchMethodError'{0x0000000712b2a678}: 'java.lang.Object java.lang.invoke.DelegatingMethodHandle$Holder.delegate(java.lang.Object, int, java.lang.Object, java.lang.Object)'> (0x0000000712b2a678) 
thrown [s\open\src\hotspot\share\interpreter\linkResolver.cpp, line 774]
Event: 4.212 Thread 0x000001c11ad8c020 Exception <a 'java/lang/NoSuchMethodError'{0x0000000712b3a568}: 'int java.lang.invoke.Invokers$Holder.linkToTargetMethod(java.lang.Object, java.lang.Object, java.lang.Object)'> (0x0000000712b3a568) 
thrown [s\open\src\hotspot\share\interpreter\linkResolver.cpp, line 774]
Event: 4.246 Thread 0x000001c11ad8c020 Exception <a 'java/lang/NoSuchMethodError'{0x0000000712bd50e0}: 'void java.lang.invoke.Invokers$Holder.invokeExact_MT(java.lang.Object, java.lang.Object, java.lang.Object)'> (0x0000000712bd50e0) 
thrown [s\open\src\hotspot\share\interpreter\linkResolver.cpp, line 774]
Event: 4.272 Thread 0x000001c11ad8c020 Exception <a 'java/lang/NoClassDefFoundError'{0x0000000712849568}: org/flywaydb/core/Flyway> (0x0000000712849568) 
thrown [s\open\src\hotspot\share\classfile\systemDictionary.cpp, line 244]
Event: 4.272 Thread 0x000001c11ad8c020 Exception <a 'java/lang/NoClassDefFoundError'{0x000000071284a478}: liquibase/integration/spring/SpringLiquibase> (0x000000071284a478) 
thrown [s\open\src\hotspot\share\classfile\systemDictionary.cpp, line 244]

VM Operations (20 events):
Event: 2.138 Executing VM operation: HandshakeAllThreads
Event: 2.138 Executing VM operation: HandshakeAllThreads done
Event: 2.410 Executing VM operation: HandshakeAllThreads
Event: 2.410 Executing VM operation: HandshakeAllThreads done
Event: 2.667 Executing VM operation: ICBufferFull
Event: 2.668 Executing VM operation: ICBufferFull done
Event: 2.684 Executing VM operation: HandshakeAllThreads
Event: 2.684 Executing VM operation: HandshakeAllThreads done
Event: 2.721 Executing VM operation: G1CollectForAllocation
Event: 2.730 Executing VM operation: G1CollectForAllocation done
Event: 3.689 Executing VM operation: ICBufferFull
Event: 3.689 Executing VM operation: ICBufferFull done
Event: 3.704 Executing VM operation: HandshakeAllThreads
Event: 3.704 Executing VM operation: HandshakeAllThreads done
Event: 4.140 Executing VM operation: HandshakeAllThreads
Event: 4.140 Executing VM operation: HandshakeAllThreads done
Event: 4.182 Executing VM operation: HandshakeAllThreads
Event: 4.182 Executing VM operation: HandshakeAllThreads done
Event: 4.263 Executing VM operation: ICBufferFull
Event: 4.263 Executing VM operation: ICBufferFull done

Events (20 events):
Event: 0.125 Thread 0x000001c13dff52c0 Thread added: 0x000001c13dff52c0
Event: 0.126 Thread 0x000001c13dff6d40 Thread added: 0x000001c13dff6d40
Event: 0.126 Thread 0x000001c13dff7cb0 Thread added: 0x000001c13dff7cb0
Event: 0.126 Thread 0x000001c13dff8860 Thread added: 0x000001c13dff8860
Event: 0.126 Thread 0x000001c13dff94c0 Thread added: 0x000001c13dff94c0
Event: 0.128 Thread 0x000001c13dffc240 Thread added: 0x000001c13dffc240
Event: 0.129 Thread 0x000001c142b78030 Thread added: 0x000001c142b78030
Event: 0.271 Thread 0x000001c142c07690 Thread added: 0x000001c142c07690
Event: 0.456 Thread 0x000001c142d44830 Thread added: 0x000001c142d44830
Event: 0.511 Thread 0x000001c142f386d0 Thread added: 0x000001c142f386d0
Event: 0.511 Thread 0x000001c142f3b280 Thread added: 0x000001c142f3b280
Event: 2.139 Thread 0x000001c142d44830 Thread exited: 0x000001c142d44830
Event: 2.151 Thread 0x000001c142d44830 Thread added: 0x000001c142d44830
Event: 2.367 Thread 0x000001c143a83e50 Thread added: 0x000001c143a83e50
Event: 2.751 Thread 0x000001c142d44830 Thread exited: 0x000001c142d44830
Event: 2.768 Thread 0x000001c143a83e50 Thread exited: 0x000001c143a83e50
Event: 3.201 Thread 0x000001c143b321f0 Thread added: 0x000001c143b321f0
Event: 3.233 Thread 0x000001c143b321f0 Thread exited: 0x000001c143b321f0
Event: 3.234 Thread 0x000001c143b9ea30 Thread added: 0x000001c143b9ea30
Event: 3.743 Thread 0x000001c144014570 Thread added: 0x000001c144014570


Dynamic libraries:
0x00007ff7731e0000 - 0x00007ff7731ee000 	C:\Users\florindr\.jdks\openjdk-19.0.2\bin\java.exe
0x00007ff8eabf0000 - 0x00007ff8eade8000 	C:\WINDOWS\SYSTEM32\ntdll.dll
0x00007ff8ea9d0000 - 0x00007ff8eaa8f000 	C:\WINDOWS\System32\KERNEL32.DLL
0x00007ff8e8410000 - 0x00007ff8e86e2000 	C:\WINDOWS\System32\KERNELBASE.dll
0x00007ff8e8b30000 - 0x00007ff8e8c30000 	C:\WINDOWS\System32\ucrtbase.dll
0x00007ff8ce2b0000 - 0x00007ff8ce2c7000 	C:\Users\florindr\.jdks\openjdk-19.0.2\bin\jli.dll
0x00007ff8e9830000 - 0x00007ff8e99d1000 	C:\WINDOWS\System32\USER32.dll
0x00007ff8e8960000 - 0x00007ff8e8982000 	C:\WINDOWS\System32\win32u.dll
0x00007ff8e9750000 - 0x00007ff8e977b000 	C:\WINDOWS\System32\GDI32.dll
0x00007ff8e86f0000 - 0x00007ff8e87ff000 	C:\WINDOWS\System32\gdi32full.dll
0x00007ff8e8990000 - 0x00007ff8e8a2d000 	C:\WINDOWS\System32\msvcp_win.dll
0x00007ff8ce290000 - 0x00007ff8ce2ab000 	C:\Users\florindr\.jdks\openjdk-19.0.2\bin\VCRUNTIME140.dll
0x00007ff8dc320000 - 0x00007ff8dc5ba000 	C:\WINDOWS\WinSxS\amd64_microsoft.windows.common-controls_6595b64144ccf1df_6.0.19041.1110_none_60b5254171f9507e\COMCTL32.dll
0x00007ff8ea630000 - 0x00007ff8ea6ce000 	C:\WINDOWS\System32\msvcrt.dll
0x00007ff8eaa90000 - 0x00007ff8eaac2000 	C:\WINDOWS\System32\IMM32.DLL
0x00007ff8ccaa0000 - 0x00007ff8ccc0a000 	C:\Program Files (x86)\Citrix\ICA Client\epclient64.dll
0x00007ff8e83e0000 - 0x00007ff8e8407000 	C:\WINDOWS\System32\bcrypt.dll
0x00007ff8e1600000 - 0x00007ff8e160a000 	C:\WINDOWS\SYSTEM32\VERSION.dll
0x00007ff8ea2d0000 - 0x00007ff8ea37e000 	C:\WINDOWS\System32\ADVAPI32.dll
0x00007ff8e8c30000 - 0x00007ff8e8ccc000 	C:\WINDOWS\System32\sechost.dll
0x00007ff8e8d80000 - 0x00007ff8e8ea5000 	C:\WINDOWS\System32\RPCRT4.dll
0x00007ff8e7470000 - 0x00007ff8e74a3000 	C:\WINDOWS\SYSTEM32\ntmarta.dll
0x00007ff8e6a50000 - 0x00007ff8e6a62000 	C:\WINDOWS\SYSTEM32\kernel.appcore.dll
0x00007ff8e8aa0000 - 0x00007ff8e8b22000 	C:\WINDOWS\System32\bcryptPrimitives.dll
0x00007ff8baec0000 - 0x00007ff8baecc000 	C:\Users\florindr\.jdks\openjdk-19.0.2\bin\vcruntime140_1.dll
0x00007ff86b860000 - 0x00007ff86b8ee000 	C:\Users\florindr\.jdks\openjdk-19.0.2\bin\msvcp140.dll
0x00007ff81ea20000 - 0x00007ff81f6e0000 	C:\Users\florindr\.jdks\openjdk-19.0.2\bin\server\jvm.dll
0x00007ff8d9600000 - 0x00007ff8d9609000 	C:\WINDOWS\SYSTEM32\WSOCK32.dll
0x00007ff8ea140000 - 0x00007ff8ea1ab000 	C:\WINDOWS\System32\WS2_32.dll
0x00007ff8c9910000 - 0x00007ff8c9937000 	C:\WINDOWS\SYSTEM32\WINMM.dll
0x00007ff8ba890000 - 0x00007ff8ba89a000 	C:\Users\florindr\.jdks\openjdk-19.0.2\bin\jimage.dll
0x00007ff8e6690000 - 0x00007ff8e6874000 	C:\WINDOWS\SYSTEM32\DBGHELP.DLL
0x00007ff8d6dd0000 - 0x00007ff8d6e05000 	C:\WINDOWS\SYSTEM32\dbgcore.DLL
0x00007ff8ba5a0000 - 0x00007ff8ba5ae000 	C:\Users\florindr\.jdks\openjdk-19.0.2\bin\instrument.dll
0x00007ff8a27f0000 - 0x00007ff8a2816000 	C:\Users\florindr\.jdks\openjdk-19.0.2\bin\java.dll
0x00007ff86b780000 - 0x00007ff86b857000 	C:\Users\florindr\.jdks\openjdk-19.0.2\bin\jsvml.dll
0x000001c142400000 - 0x000001c142b44000 	C:\WINDOWS\System32\SHELL32.dll
0x00007ff8e5ef0000 - 0x00007ff8e6682000 	C:\WINDOWS\SYSTEM32\windows.storage.dll
0x00007ff8e9320000 - 0x00007ff8e9675000 	C:\WINDOWS\System32\combase.dll
0x00007ff8e7d40000 - 0x00007ff8e7d70000 	C:\WINDOWS\SYSTEM32\Wldp.dll
0x00007ff8e8cd0000 - 0x00007ff8e8d7d000 	C:\WINDOWS\System32\SHCORE.dll
0x00007ff8ea910000 - 0x00007ff8ea965000 	C:\WINDOWS\System32\shlwapi.dll
0x00007ff8e8220000 - 0x00007ff8e823f000 	C:\WINDOWS\SYSTEM32\profapi.dll
0x00007ff8aec50000 - 0x00007ff8aec68000 	C:\Users\florindr\.jdks\openjdk-19.0.2\bin\zip.dll
0x00007ff8ada20000 - 0x00007ff8ada33000 	C:\Users\florindr\.jdks\openjdk-19.0.2\bin\net.dll
0x00007ff8e72d0000 - 0x00007ff8e73dc000 	C:\WINDOWS\SYSTEM32\WINHTTP.dll
0x00007ff8e7aa0000 - 0x00007ff8e7b0a000 	C:\WINDOWS\system32\mswsock.dll
0x00007ff8a6010000 - 0x00007ff8a6026000 	C:\Users\florindr\.jdks\openjdk-19.0.2\bin\nio.dll
0x00007ff897110000 - 0x00007ff89712a000 	C:\Program Files\JetBrains\IntelliJ IDEA Community Edition 2022.3.1\bin\breakgen64.dll
0x00007ff8b7490000 - 0x00007ff8b7498000 	C:\Users\florindr\.jdks\openjdk-19.0.2\bin\extnet.dll

dbghelp: loaded successfully - version: 4.0.5 - missing functions: none
symbol engine: initialized successfully - sym options: 0x614 - pdb path: .;C:\Users\florindr\.jdks\openjdk-19.0.2\bin;C:\WINDOWS\SYSTEM32;C:\WINDOWS\WinSxS\amd64_microsoft.windows.common-controls_6595b64144ccf1df_6.0.19041.1110_none_60b5254171f9507e;C:\Program Files (x86)\Citrix\ICA Client;C:\Users\florindr\.jdks\openjdk-19.0.2\bin\server;C:\Program Files\JetBrains\IntelliJ IDEA Community Edition 2022.3.1\bin

VM Arguments:
jvm_args: -javaagent:C:\Program Files\JetBrains\IntelliJ IDEA Community Edition 2022.3.1\lib\idea_rt.jar=56677:C:\Program Files\JetBrains\IntelliJ IDEA Community Edition 2022.3.1\bin -Dfile.encoding=UTF-8 -Dsun.stdout.encoding=UTF-8 -Dsun.stderr.encoding=UTF-8 
java_command: StudentApp.StudentAppApplication
java_class_path (initial): C:\Users\florindr\OneDrive - Vodafone Group\Ambiente de Trabalho\Formao Software Engineer\SWE\GIT\IntelliJ\target\classes;C:\Users\florindr\.m2\repository\org\springframework\boot\spring-boot-starter-web\3.0.2\spring-boot-starter-web-3.0.2.jar;C:\Users\florindr\.m2\repository\org\springframework\boot\spring-boot-starter\3.0.2\spring-boot-starter-3.0.2.jar;C:\Users\florindr\.m2\repository\org\springframework\boot\spring-boot\3.0.2\spring-boot-3.0.2.jar;C:\Users\florindr\.m2\repository\org\springframework\boot\spring-boot-autoconfigure\3.0.2\spring-boot-autoconfigure-3.0.2.jar;C:\Users\florindr\.m2\repository\org\springframework\boot\spring-boot-starter-logging\3.0.2\spring-boot-starter-logging-3.0.2.jar;C:\Users\florindr\.m2\repository\ch\qos\logback\logback-classic\1.4.5\logback-classic-1.4.5.jar;C:\Users\florindr\.m2\repository\ch\qos\logback\logback-core\1.4.5\logback-core-1.4.5.jar;C:\Users\florindr\.m2\repository\org\apache\logging\log4j\log4j-to-slf4j\2.19.0\log4j-to-slf4j-2.19.0.jar;C:\Users\florindr\.m2\repository\org\apache\logging\log4j\log4j-api\2.19.0\log4j-api-2.19.0.jar;C:\Users\florindr\.m2\repository\org\slf4j\jul-to-slf4j\2.0.6\jul-to-slf4j-2.0.6.jar;C:\Users\florindr\.m2\repository\jakarta\annotation\jakarta.annotation-api\2.1.1\jakarta.annotation-api-2.1.1.jar;C:\Users\florindr\.m2\repository\org\yaml\snakeyaml\1.33\snakeyaml-1.33.jar;C:\Users\florindr\.m2\repository\org\springframework\boot\spring-boot-starter-json\3.0.2\spring-boot-starter-json-3.0.2.jar;C:\Users\florindr\.m2\repository\com\fasterxml\jackson\core\jackson-databind\2.14.1\jackson-databind-2.14.1.jar;C:\Users\florindr\.m2\repository\com\fasterxml\jackson\core\jackson-annotations\2.14.1\jackson-annotations-2.14.1.jar;C:\Users\florindr\.m2\repository\com\fasterxml\jackson\core\jackson-core\2.14.1\jackson-core-2.14.1.jar;C:\Users\florindr\.m2\repository\com\fasterxml\jackson\datatype\jackson-datatype-jdk8\2.14.1\jackson-datatype-jdk8-2.14.1.jar;C:\Users\florindr\.m2\repository\com\fasterxml\jackson\datatype\jackson-datatype-jsr310\2.14.1\jackson-datatype-jsr310-2.14.1.jar;C:\Users\florindr\.m2\repository\com\fasterxml\jackson\module\jackson-module-parameter-names\2.14.1\jackson-module-parameter-names-2.14.1.jar;C:\Users\florindr\.m2\repository\org\springframework\boot\spring-boot-starter-tomcat\3.0.2\spring-boot-starter-tomcat-3.0.2.jar;C:\Users\florindr\.m2\repository\org\apache\tomcat\embed\tomcat-embed-core\10.1.5\tomcat-embed-core-10.1.5.jar;C:\Users\florindr\.m2\repository\org\apache\tomcat\embed\tomcat-embed-el\10.1.5\tomcat-embed-el-10.1.5.jar;C:\Users\florindr\.m2\repository\org\apache\tomcat\embed\tomcat-embed-websocket\10.1.5\tomcat-embed-websocket-10.1.5.jar;C:\Users\florindr\.m2\repository\org\springframework\spring-web\6.0.4\spring-web-6.0.4.jar;C:\Users\florindr\.m2\repository\org\springframework\spring-beans\6.0.4\spring-beans-6.0.4.jar;C:\Users\florindr\.m2\repository\io\micrometer\micrometer-observation\1.10.3\micrometer-observation-1.10.3.jar;C:\Users\florindr\.m2\repository\io\micrometer\micrometer-commons\1.10.3\micrometer-commons-1.10.3.jar;C:\Users\florindr\.m2\repository\org\springframework\spring-webmvc\6.0.4\spring-webmvc-6.0.4.jar;C:\Users\florindr\.m2\repository\org\springframework\spring-aop\6.0.4\spring-aop-6.0.4.jar;C:\Users\florindr\.m2\repository\org\springframework\spring-context\6.0.4\spring-context-6.0.4.jar;C:\Users\florindr\.m2\repository\org\springframework\spring-expression\6.0.4\spring-expression-6.0.4.jar;C:\Users\florindr\.m2\repository\org\slf4j\slf4j-api\2.0.6\slf4j-api-2.0.6.jar;C:\Users\florindr\.m2\repository\org\springframework\spring-core\6.0.4\spring-core-6.0.4.jar;C:\Users\florindr\.m2\repository\org\springframework\spring-jcl\6.0.4\spring-jcl-6.0.4.jar
Launcher Type: SUN_STANDARD

[Global flags]
     intx CICompilerCount                          = 4                                         {product} {ergonomic}
     uint ConcGCThreads                            = 2                                         {product} {ergonomic}
     uint G1ConcRefinementThreads                  = 8                                         {product} {ergonomic}
   size_t G1HeapRegionSize                         = 2097152                                   {product} {ergonomic}
    uintx GCDrainStackTargetSize                   = 64                                        {product} {ergonomic}
   size_t InitialHeapSize                          = 264241152                                 {product} {ergonomic}
   size_t MarkStackSize                            = 4194304                                   {product} {ergonomic}
   size_t MaxHeapSize                              = 4221566976                                {product} {ergonomic}
   size_t MaxNewSize                               = 2531262464                                {product} {ergonomic}
   size_t MinHeapDeltaBytes                        = 2097152                                   {product} {ergonomic}
   size_t MinHeapSize                              = 8388608                                   {product} {ergonomic}
    uintx NonNMethodCodeHeapSize                   = 5839372                                {pd product} {ergonomic}
    uintx NonProfiledCodeHeapSize                  = 122909434                              {pd product} {ergonomic}
    uintx ProfiledCodeHeapSize                     = 122909434                              {pd product} {ergonomic}
    uintx ReservedCodeCacheSize                    = 251658240                              {pd product} {ergonomic}
     bool SegmentedCodeCache                       = true                                      {product} {ergonomic}
   size_t SoftMaxHeapSize                          = 4221566976                             {manageable} {ergonomic}
     bool UseCompressedClassPointers               = true                           {product lp64_product} {ergonomic}
     bool UseCompressedOops                        = true                           {product lp64_product} {ergonomic}
     bool UseG1GC                                  = true                                      {product} {ergonomic}
     bool UseLargePagesIndividualAllocation        = false                                  {pd product} {ergonomic}

Logging:
Log output configuration:
 #0: stdout all=warning uptime,level,tags foldmultilines=false
 #1: stderr all=off uptime,level,tags foldmultilines=false

Environment Variables:
JAVA_HOME=C:\Program Files\OpenJDK\jdk-19.0.2
PATH=C:\Program Files (x86)\Common Files\Oracle\Java\javapath;C:\WINDOWS\system32;C:\WINDOWS;C:\WINDOWS\System32\Wbem;C:\WINDOWS\System32\WindowsPowerShell\v1.0\;C:\WINDOWS\System32\OpenSSH\;c:\Program Files\PuTTY\;C:\Program Files (x86)\Plantronics\Spokes3G\;C:\ProgramData\chocolatey\bin;C:\Program Files\OpenJDK\jdk-19.0.2\bin;C:\Program Files\Git\cmd;C:\ProgramData\chocolatey\lib\maven\apache-maven-3.8.7\bin;C:\Users\florindr\AppData\Local\Microsoft\WindowsApps;;C:\Users\florindr\AppData\Local\Programs\Microsoft VS Code\bin
USERNAME=FLORINDR
OS=Windows_NT
PROCESSOR_IDENTIFIER=Intel64 Family 6 Model 142 Stepping 12, GenuineIntel
TMP=C:\Users\florindr\AppData\Local\Temp
TEMP=C:\Users\florindr\AppData\Local\Temp



---------------  S Y S T E M  ---------------

OS:
 Windows 10 , 64 bit Build 19041 (10.0.19041.2364)
OS uptime: 2 days 6:57 hours

CPU: total 8 (initial active 8) (4 cores per cpu, 2 threads per core) family 6 model 142 stepping 12 microcode 0xea, cx8, cmov, fxsr, ht, mmx, 3dnowpref, sse, sse2, sse3, ssse3, sse4.1, sse4.2, popcnt, lzcnt, tsc, tscinvbit, avx, avx2, aes, erms, clmul, bmi1, bmi2, adx, fma, vzeroupper, clflush, clflushopt, rdtscp

Memory: 4k page, system-wide physical 16099M (688M free)
TotalPageFile size 26099M (AvailPageFile size 3M)
current process WorkingSet (physical memory assigned to process): 131M, peak: 131M
current process commit charge ("private bytes"): 393M, peak: 394M

vm_info: OpenJDK 64-Bit Server VM (19.0.2+7-44) for windows-amd64 JRE (19.0.2+7-44), built on 2022-11-30T18:02:09Z by "mach5one" with MS VC++ 17.1 (VS2022)

END.
